d:\program\c sharp\projects\neuroforecast\neuroforecast\debug\neuroforecast.pch
d:\program\c sharp\projects\neuroforecast\neuroforecast\debug\vc140.pdb
d:\program\c sharp\projects\neuroforecast\neuroforecast\debug\vc140.idb
d:\program\c sharp\projects\neuroforecast\neuroforecast\debug\stdafx.obj
d:\program\c sharp\projects\neuroforecast\neuroforecast\debug\commandinfo.obj
d:\program\c sharp\projects\neuroforecast\neuroforecast\debug\neuroforecast.obj
d:\program\c sharp\projects\neuroforecast\neuroforecast\debug\commandcollection.obj
d:\program\c sharp\projects\neuroforecast\neuroforecast\debug\neuron.obj
d:\program\c sharp\projects\neuroforecast\neuroforecast\debug\randomizer.obj
d:\program\c sharp\projects\neuroforecast\neuroforecast\debug\fileworker.obj
d:\program\c sharp\projects\neuroforecast\neuroforecast\debug\gamemanager.obj
d:\program\c sharp\projects\neuroforecast\neuroforecast\debug\neuronfactory.obj
d:\program\c sharp\projects\neuroforecast\debug\neuroforecast.ilk
d:\program\c sharp\projects\neuroforecast\debug\neuroforecast.exe
d:\program\c sharp\projects\neuroforecast\debug\neuroforecast.pdb
d:\program\c sharp\projects\neuroforecast\neuroforecast\debug\neuroforecast.tlog\cl.command.1.tlog
d:\program\c sharp\projects\neuroforecast\neuroforecast\debug\neuroforecast.tlog\cl.read.1.tlog
d:\program\c sharp\projects\neuroforecast\neuroforecast\debug\neuroforecast.tlog\cl.write.1.tlog
d:\program\c sharp\projects\neuroforecast\neuroforecast\debug\neuroforecast.tlog\link.command.1.tlog
d:\program\c sharp\projects\neuroforecast\neuroforecast\debug\neuroforecast.tlog\link.read.1.tlog
d:\program\c sharp\projects\neuroforecast\neuroforecast\debug\neuroforecast.tlog\link.write.1.tlog
